<?xml version="1.0" encoding="UTF-8"?>
<testsuite xmlns:xsi="http://www.w3.org/2001/XMLSchema-instance" xsi:noNamespaceSchemaLocation="https://maven.apache.org/surefire/maven-surefire-plugin/xsd/surefire-test-report.xsd" name="NifiTests.NifiTest" time="15.2" tests="1" errors="0" skipped="0" failures="1">
  <properties>
    <property name="awt.toolkit" value="sun.awt.X11.XToolkit"/>
    <property name="java.specification.version" value="11"/>
    <property name="sun.cpu.isalist" value=""/>
    <property name="sun.jnu.encoding" value="UTF-8"/>
    <property name="java.class.path" value="/usr/src/app/target/test-classes:/usr/src/app/target/classes:/root/.m2/repository/com/intuit/karate/karate-junit5/1.1.0/karate-junit5-1.1.0.jar:/root/.m2/repository/com/intuit/karate/karate-core/1.1.0/karate-core-1.1.0.jar:/root/.m2/repository/org/graalvm/js/js-scriptengine/21.2.0/js-scriptengine-21.2.0.jar:/root/.m2/repository/org/graalvm/sdk/graal-sdk/21.2.0/graal-sdk-21.2.0.jar:/root/.m2/repository/org/graalvm/js/js/21.2.0/js-21.2.0.jar:/root/.m2/repository/org/graalvm/regex/regex/21.2.0/regex-21.2.0.jar:/root/.m2/repository/org/graalvm/truffle/truffle-api/21.2.0/truffle-api-21.2.0.jar:/root/.m2/repository/com/ibm/icu/icu4j/69.1/icu4j-69.1.jar:/root/.m2/repository/ch/qos/logback/logback-classic/1.2.3/logback-classic-1.2.3.jar:/root/.m2/repository/ch/qos/logback/logback-core/1.2.3/logback-core-1.2.3.jar:/root/.m2/repository/org/slf4j/jcl-over-slf4j/1.7.25/jcl-over-slf4j-1.7.25.jar:/root/.m2/repository/com/jayway/jsonpath/json-path/2.6.0/json-path-2.6.0.jar:/root/.m2/repository/net/minidev/json-smart/2.4.7/json-smart-2.4.7.jar:/root/.m2/repository/net/minidev/accessors-smart/2.4.7/accessors-smart-2.4.7.jar:/root/.m2/repository/org/ow2/asm/asm/9.1/asm-9.1.jar:/root/.m2/repository/info/cukes/cucumber-java/1.2.5/cucumber-java-1.2.5.jar:/root/.m2/repository/info/cukes/cucumber-core/1.2.5/cucumber-core-1.2.5.jar:/root/.m2/repository/org/yaml/snakeyaml/1.29/snakeyaml-1.29.jar:/root/.m2/repository/de/siegmar/fastcsv/2.0.0/fastcsv-2.0.0.jar:/root/.m2/repository/info/picocli/picocli/4.6.1/picocli-4.6.1.jar:/root/.m2/repository/org/junit/jupiter/junit-jupiter-api/5.7.2/junit-jupiter-api-5.7.2.jar:/root/.m2/repository/org/apiguardian/apiguardian-api/1.1.0/apiguardian-api-1.1.0.jar:/root/.m2/repository/org/opentest4j/opentest4j/1.2.0/opentest4j-1.2.0.jar:/root/.m2/repository/org/junit/platform/junit-platform-commons/1.7.2/junit-platform-commons-1.7.2.jar:/root/.m2/repository/org/junit/jupiter/junit-jupiter-engine/5.7.2/junit-jupiter-engine-5.7.2.jar:/root/.m2/repository/org/junit/platform/junit-platform-engine/1.7.2/junit-platform-engine-1.7.2.jar:/root/.m2/repository/com/github/javafaker/javafaker/1.0.2/javafaker-1.0.2.jar:/root/.m2/repository/org/apache/commons/commons-lang3/3.5/commons-lang3-3.5.jar:/root/.m2/repository/org/yaml/snakeyaml/1.23/snakeyaml-1.23-android.jar:/root/.m2/repository/com/github/mifmif/generex/1.0.2/generex-1.0.2.jar:/root/.m2/repository/dk/brics/automaton/automaton/1.11-8/automaton-1.11-8.jar:/root/.m2/repository/net/masterthought/cucumber-reporting/5.3.1/cucumber-reporting-5.3.1.jar:/root/.m2/repository/com/fasterxml/jackson/core/jackson-databind/2.10.1/jackson-databind-2.10.1.jar:/root/.m2/repository/com/fasterxml/jackson/core/jackson-annotations/2.10.1/jackson-annotations-2.10.1.jar:/root/.m2/repository/com/fasterxml/jackson/core/jackson-core/2.10.1/jackson-core-2.10.1.jar:/root/.m2/repository/com/fasterxml/jackson/datatype/jackson-datatype-jsr310/2.10.1/jackson-datatype-jsr310-2.10.1.jar:/root/.m2/repository/org/apache/velocity/velocity-engine-core/2.1/velocity-engine-core-2.1.jar:/root/.m2/repository/commons-collections/commons-collections/3.2.2/commons-collections-3.2.2.jar:/root/.m2/repository/joda-time/joda-time/2.10.5/joda-time-2.10.5.jar:/root/.m2/repository/commons-io/commons-io/2.6/commons-io-2.6.jar:/root/.m2/repository/org/codehaus/plexus/plexus-utils/3.3.0/plexus-utils-3.3.0.jar:/root/.m2/repository/org/jsoup/jsoup/1.12.1/jsoup-1.12.1.jar:/root/.m2/repository/com/googlecode/owasp-java-html-sanitizer/owasp-java-html-sanitizer/20191001.1/owasp-java-html-sanitizer-20191001.1.jar:/root/.m2/repository/com/google/guava/guava/27.1-jre/guava-27.1-jre.jar:/root/.m2/repository/com/google/guava/failureaccess/1.0.1/failureaccess-1.0.1.jar:/root/.m2/repository/com/google/guava/listenablefuture/9999.0-empty-to-avoid-conflict-with-guava/listenablefuture-9999.0-empty-to-avoid-conflict-with-guava.jar:/root/.m2/repository/com/google/code/findbugs/jsr305/3.0.2/jsr305-3.0.2.jar:/root/.m2/repository/org/checkerframework/checker-qual/2.5.2/checker-qual-2.5.2.jar:/root/.m2/repository/com/google/errorprone/error_prone_annotations/2.2.0/error_prone_annotations-2.2.0.jar:/root/.m2/repository/com/google/j2objc/j2objc-annotations/1.1/j2objc-annotations-1.1.jar:/root/.m2/repository/org/codehaus/mojo/animal-sniffer-annotations/1.17/animal-sniffer-annotations-1.17.jar:/root/.m2/repository/commons-configuration/commons-configuration/1.10/commons-configuration-1.10.jar:/root/.m2/repository/commons-lang/commons-lang/2.6/commons-lang-2.6.jar:/root/.m2/repository/commons-logging/commons-logging/1.1.1/commons-logging-1.1.1.jar:/root/.m2/repository/com/microsoft/sqlserver/mssql-jdbc/10.2.0.jre8/mssql-jdbc-10.2.0.jre8.jar:/root/.m2/repository/org/springframework/spring-jdbc/5.1.19.RELEASE/spring-jdbc-5.1.19.RELEASE.jar:/root/.m2/repository/org/springframework/spring-beans/5.1.19.RELEASE/spring-beans-5.1.19.RELEASE.jar:/root/.m2/repository/org/springframework/spring-core/5.1.19.RELEASE/spring-core-5.1.19.RELEASE.jar:/root/.m2/repository/org/springframework/spring-jcl/5.1.19.RELEASE/spring-jcl-5.1.19.RELEASE.jar:/root/.m2/repository/org/springframework/spring-tx/5.1.19.RELEASE/spring-tx-5.1.19.RELEASE.jar:/root/.m2/repository/mysql/mysql-connector-java/8.0.28/mysql-connector-java-8.0.28.jar:/root/.m2/repository/com/google/protobuf/protobuf-java/3.11.4/protobuf-java-3.11.4.jar:/root/.m2/repository/com/intuit/karate/karate-gatling/1.1.0/karate-gatling-1.1.0.jar:/root/.m2/repository/io/gatling/highcharts/gatling-charts-highcharts/3.6.0/gatling-charts-highcharts-3.6.0.jar:/root/.m2/repository/org/scala-lang/scala-library/2.13.6/scala-library-2.13.6.jar:/root/.m2/repository/io/gatling/gatling-app/3.6.0/gatling-app-3.6.0.jar:/root/.m2/repository/io/gatling/gatling-core/3.6.0/gatling-core-3.6.0.jar:/root/.m2/repository/io/gatling/gatling-commons/3.6.0/gatling-commons-3.6.0.jar:/root/.m2/repository/io/gatling/gatling-commons-shared/3.6.0/gatling-commons-shared-3.6.0.jar:/root/.m2/repository/org/scala-lang/scala-reflect/2.13.6/scala-reflect-2.13.6.jar:/root/.m2/repository/io/suzaku/boopickle_2.13/1.3.3/boopickle_2.13-1.3.3.jar:/root/.m2/repository/io/gatling/gatling-commons-shared-unstable/3.6.0/gatling-commons-shared-unstable-3.6.0.jar:/root/.m2/repository/org/typelevel/spire-macros_2.13/0.17.0/spire-macros_2.13-0.17.0.jar:/root/.m2/repository/com/typesafe/scala-logging/scala-logging_2.13/3.9.3/scala-logging_2.13-3.9.3.jar:/root/.m2/repository/io/gatling/gatling-jsonpath/3.6.0/gatling-jsonpath-3.6.0.jar:/root/.m2/repository/com/typesafe/akka/akka-slf4j_2.13/2.6.14/akka-slf4j_2.13-2.6.14.jar:/root/.m2/repository/org/simpleflatmapper/lightning-csv/8.2.3/lightning-csv-8.2.3.jar:/root/.m2/repository/org/simpleflatmapper/sfm-util/8.2.3/sfm-util-8.2.3.jar:/root/.m2/repository/com/github/ben-manes/caffeine/caffeine/2.9.1/caffeine-2.9.1.jar:/root/.m2/repository/io/pebbletemplates/pebble/3.1.5/pebble-3.1.5.jar:/root/.m2/repository/org/unbescape/unbescape/1.1.6.RELEASE/unbescape-1.1.6.RELEASE.jar:/root/.m2/repository/org/scala-lang/modules/scala-parser-combinators_2.13/2.0.0/scala-parser-combinators_2.13-2.0.0.jar:/root/.m2/repository/com/github/scopt/scopt_2.13/3.7.1/scopt_2.13-3.7.1.jar:/root/.m2/repository/io/netty/netty-handler/4.1.64.Final/netty-handler-4.1.64.Final.jar:/root/.m2/repository/io/netty/netty-common/4.1.64.Final/netty-common-4.1.64.Final.jar:/root/.m2/repository/io/netty/netty-resolver/4.1.64.Final/netty-resolver-4.1.64.Final.jar:/root/.m2/repository/io/netty/netty-buffer/4.1.64.Final/netty-buffer-4.1.64.Final.jar:/root/.m2/repository/io/netty/netty-transport/4.1.64.Final/netty-transport-4.1.64.Final.jar:/root/.m2/repository/io/netty/netty-codec/4.1.64.Final/netty-codec-4.1.64.Final.jar:/root/.m2/repository/com/softwaremill/quicklens/quicklens_2.13/1.7.2/quicklens_2.13-1.7.2.jar:/root/.m2/repository/net/sf/saxon/Saxon-HE/10.5/Saxon-HE-10.5.jar:/root/.m2/repository/org/jodd/jodd-lagarto/6.0.5/jodd-lagarto-6.0.5.jar:/root/.m2/repository/org/jodd/jodd-util/6.0.1/jodd-util-6.0.1.jar:/root/.m2/repository/io/burt/jmespath-jackson/0.5.0/jmespath-jackson-0.5.0.jar:/root/.m2/repository/io/burt/jmespath-core/0.5.0/jmespath-core-0.5.0.jar:/root/.m2/repository/io/gatling/gatling-http/3.6.0/gatling-http-3.6.0.jar:/root/.m2/repository/io/gatling/gatling-http-client/3.6.0/gatling-http-client-3.6.0.jar:/root/.m2/repository/io/gatling/gatling-netty-util/3.6.0/gatling-netty-util-3.6.0.jar:/root/.m2/repository/io/netty/netty-handler-proxy/4.1.64.Final/netty-handler-proxy-4.1.64.Final.jar:/root/.m2/repository/io/netty/netty-codec-socks/4.1.64.Final/netty-codec-socks-4.1.64.Final.jar:/root/.m2/repository/io/netty/netty-resolver-dns/4.1.64.Final/netty-resolver-dns-4.1.64.Final.jar:/root/.m2/repository/io/netty/netty-codec-dns/4.1.64.Final/netty-codec-dns-4.1.64.Final.jar:/root/.m2/repository/io/netty/netty-transport-native-epoll/4.1.64.Final/netty-transport-native-epoll-4.1.64.Final-linux-x86_64.jar:/root/.m2/repository/io/netty/netty-transport-native-unix-common/4.1.64.Final/netty-transport-native-unix-common-4.1.64.Final.jar:/root/.m2/repository/io/netty/netty-codec-http2/4.1.64.Final/netty-codec-http2-4.1.64.Final.jar:/root/.m2/repository/io/netty/netty-tcnative-boringssl-static/2.0.39.Final/netty-tcnative-boringssl-static-2.0.39.Final.jar:/root/.m2/repository/com/aayushatharva/brotli4j/brotli4j/1.4.2/brotli4j-1.4.2.jar:/root/.m2/repository/com/aayushatharva/brotli4j/native-linux-x86_64/1.4.2/native-linux-x86_64-1.4.2.jar:/root/.m2/repository/com/aayushatharva/brotli4j/native-linux-aarch64/1.4.2/native-linux-aarch64-1.4.2.jar:/root/.m2/repository/com/aayushatharva/brotli4j/native-osx-x86_64/1.4.2/native-osx-x86_64-1.4.2.jar:/root/.m2/repository/com/aayushatharva/brotli4j/native-windows-x86_64/1.4.2/native-windows-x86_64-1.4.2.jar:/root/.m2/repository/io/gatling/gatling-jms/3.6.0/gatling-jms-3.6.0.jar:/root/.m2/repository/javax/jms/javax.jms-api/2.0.1/javax.jms-api-2.0.1.jar:/root/.m2/repository/com/eatthepath/fast-uuid/0.1/fast-uuid-0.1.jar:/root/.m2/repository/io/gatling/gatling-jdbc/3.6.0/gatling-jdbc-3.6.0.jar:/root/.m2/repository/io/gatling/gatling-redis/3.6.0/gatling-redis-3.6.0.jar:/root/.m2/repository/net/debasishg/redisclient_2.13/3.30/redisclient_2.13-3.30.jar:/root/.m2/repository/org/apache/commons/commons-pool2/2.8.0/commons-pool2-2.8.0.jar:/root/.m2/repository/io/gatling/gatling-graphite/3.6.0/gatling-graphite-3.6.0.jar:/root/.m2/repository/org/hdrhistogram/HdrHistogram/2.1.12/HdrHistogram-2.1.12.jar:/root/.m2/repository/io/gatling/gatling-charts/3.6.0/gatling-charts-3.6.0.jar:/root/.m2/repository/com/tdunning/t-digest/3.1/t-digest-3.1.jar:/root/.m2/repository/io/gatling/gatling-recorder/3.6.0/gatling-recorder-3.6.0.jar:/root/.m2/repository/org/scala-lang/modules/scala-swing_2.13/3.0.0/scala-swing_2.13-3.0.0.jar:/root/.m2/repository/org/bouncycastle/bcpkix-jdk15on/1.68/bcpkix-jdk15on-1.68.jar:/root/.m2/repository/org/bouncycastle/bcprov-jdk15on/1.68/bcprov-jdk15on-1.68.jar:/root/.m2/repository/com/typesafe/akka/akka-actor_2.13/2.6.14/akka-actor_2.13-2.6.14.jar:/root/.m2/repository/com/typesafe/config/1.4.0/config-1.4.0.jar:/root/.m2/repository/org/scala-lang/modules/scala-java8-compat_2.13/0.9.0/scala-java8-compat_2.13-0.9.0.jar:/root/.m2/repository/org/mongodb/mongodb-driver-sync/4.6.0/mongodb-driver-sync-4.6.0.jar:/root/.m2/repository/org/mongodb/mongodb-driver-core/4.6.0/mongodb-driver-core-4.6.0.jar:/root/.m2/repository/org/mongodb/bson-record-codec/4.6.0/bson-record-codec-4.6.0.jar:/root/.m2/repository/org/mongodb/bson/4.6.0/bson-4.6.0.jar:/root/.m2/repository/com/google/code/gson/gson/2.9.0/gson-2.9.0.jar:/root/.m2/repository/com/rabbitmq/amqp-client/5.14.2/amqp-client-5.14.2.jar:/root/.m2/repository/org/slf4j/slf4j-api/1.7.32/slf4j-api-1.7.32.jar:/root/.m2/repository/log4j/log4j/1.2.17/log4j-1.2.17.jar:"/>
    <property name="java.vm.vendor" value="Oracle Corporation"/>
    <property name="sun.arch.data.model" value="64"/>
    <property name="karate.env" value="dev"/>
    <property name="java.vendor.url" value="https://openjdk.java.net/"/>
    <property name="user.timezone" value=""/>
    <property name="java.vm.specification.version" value="11"/>
    <property name="os.name" value="Linux"/>
    <property name="sun.java.launcher" value="SUN_STANDARD"/>
    <property name="sun.boot.library.path" value="/usr/local/openjdk-11/lib"/>
    <property name="sun.java.command" value="/usr/src/app/target/surefire/surefirebooter8371263991684422203.jar /usr/src/app/target/surefire 2022-06-10T08-48-12_115-jvmRun1 surefire14309654593491281489tmp surefire_01335632250824754373tmp"/>
    <property name="jdk.debug" value="release"/>
    <property name="surefire.test.class.path" value="/usr/src/app/target/test-classes:/usr/src/app/target/classes:/root/.m2/repository/com/intuit/karate/karate-junit5/1.1.0/karate-junit5-1.1.0.jar:/root/.m2/repository/com/intuit/karate/karate-core/1.1.0/karate-core-1.1.0.jar:/root/.m2/repository/org/graalvm/js/js-scriptengine/21.2.0/js-scriptengine-21.2.0.jar:/root/.m2/repository/org/graalvm/sdk/graal-sdk/21.2.0/graal-sdk-21.2.0.jar:/root/.m2/repository/org/graalvm/js/js/21.2.0/js-21.2.0.jar:/root/.m2/repository/org/graalvm/regex/regex/21.2.0/regex-21.2.0.jar:/root/.m2/repository/org/graalvm/truffle/truffle-api/21.2.0/truffle-api-21.2.0.jar:/root/.m2/repository/com/ibm/icu/icu4j/69.1/icu4j-69.1.jar:/root/.m2/repository/ch/qos/logback/logback-classic/1.2.3/logback-classic-1.2.3.jar:/root/.m2/repository/ch/qos/logback/logback-core/1.2.3/logback-core-1.2.3.jar:/root/.m2/repository/org/slf4j/jcl-over-slf4j/1.7.25/jcl-over-slf4j-1.7.25.jar:/root/.m2/repository/com/jayway/jsonpath/json-path/2.6.0/json-path-2.6.0.jar:/root/.m2/repository/net/minidev/json-smart/2.4.7/json-smart-2.4.7.jar:/root/.m2/repository/net/minidev/accessors-smart/2.4.7/accessors-smart-2.4.7.jar:/root/.m2/repository/org/ow2/asm/asm/9.1/asm-9.1.jar:/root/.m2/repository/info/cukes/cucumber-java/1.2.5/cucumber-java-1.2.5.jar:/root/.m2/repository/info/cukes/cucumber-core/1.2.5/cucumber-core-1.2.5.jar:/root/.m2/repository/org/yaml/snakeyaml/1.29/snakeyaml-1.29.jar:/root/.m2/repository/de/siegmar/fastcsv/2.0.0/fastcsv-2.0.0.jar:/root/.m2/repository/info/picocli/picocli/4.6.1/picocli-4.6.1.jar:/root/.m2/repository/org/junit/jupiter/junit-jupiter-api/5.7.2/junit-jupiter-api-5.7.2.jar:/root/.m2/repository/org/apiguardian/apiguardian-api/1.1.0/apiguardian-api-1.1.0.jar:/root/.m2/repository/org/opentest4j/opentest4j/1.2.0/opentest4j-1.2.0.jar:/root/.m2/repository/org/junit/platform/junit-platform-commons/1.7.2/junit-platform-commons-1.7.2.jar:/root/.m2/repository/org/junit/jupiter/junit-jupiter-engine/5.7.2/junit-jupiter-engine-5.7.2.jar:/root/.m2/repository/org/junit/platform/junit-platform-engine/1.7.2/junit-platform-engine-1.7.2.jar:/root/.m2/repository/com/github/javafaker/javafaker/1.0.2/javafaker-1.0.2.jar:/root/.m2/repository/org/apache/commons/commons-lang3/3.5/commons-lang3-3.5.jar:/root/.m2/repository/org/yaml/snakeyaml/1.23/snakeyaml-1.23-android.jar:/root/.m2/repository/com/github/mifmif/generex/1.0.2/generex-1.0.2.jar:/root/.m2/repository/dk/brics/automaton/automaton/1.11-8/automaton-1.11-8.jar:/root/.m2/repository/net/masterthought/cucumber-reporting/5.3.1/cucumber-reporting-5.3.1.jar:/root/.m2/repository/com/fasterxml/jackson/core/jackson-databind/2.10.1/jackson-databind-2.10.1.jar:/root/.m2/repository/com/fasterxml/jackson/core/jackson-annotations/2.10.1/jackson-annotations-2.10.1.jar:/root/.m2/repository/com/fasterxml/jackson/core/jackson-core/2.10.1/jackson-core-2.10.1.jar:/root/.m2/repository/com/fasterxml/jackson/datatype/jackson-datatype-jsr310/2.10.1/jackson-datatype-jsr310-2.10.1.jar:/root/.m2/repository/org/apache/velocity/velocity-engine-core/2.1/velocity-engine-core-2.1.jar:/root/.m2/repository/commons-collections/commons-collections/3.2.2/commons-collections-3.2.2.jar:/root/.m2/repository/joda-time/joda-time/2.10.5/joda-time-2.10.5.jar:/root/.m2/repository/commons-io/commons-io/2.6/commons-io-2.6.jar:/root/.m2/repository/org/codehaus/plexus/plexus-utils/3.3.0/plexus-utils-3.3.0.jar:/root/.m2/repository/org/jsoup/jsoup/1.12.1/jsoup-1.12.1.jar:/root/.m2/repository/com/googlecode/owasp-java-html-sanitizer/owasp-java-html-sanitizer/20191001.1/owasp-java-html-sanitizer-20191001.1.jar:/root/.m2/repository/com/google/guava/guava/27.1-jre/guava-27.1-jre.jar:/root/.m2/repository/com/google/guava/failureaccess/1.0.1/failureaccess-1.0.1.jar:/root/.m2/repository/com/google/guava/listenablefuture/9999.0-empty-to-avoid-conflict-with-guava/listenablefuture-9999.0-empty-to-avoid-conflict-with-guava.jar:/root/.m2/repository/com/google/code/findbugs/jsr305/3.0.2/jsr305-3.0.2.jar:/root/.m2/repository/org/checkerframework/checker-qual/2.5.2/checker-qual-2.5.2.jar:/root/.m2/repository/com/google/errorprone/error_prone_annotations/2.2.0/error_prone_annotations-2.2.0.jar:/root/.m2/repository/com/google/j2objc/j2objc-annotations/1.1/j2objc-annotations-1.1.jar:/root/.m2/repository/org/codehaus/mojo/animal-sniffer-annotations/1.17/animal-sniffer-annotations-1.17.jar:/root/.m2/repository/commons-configuration/commons-configuration/1.10/commons-configuration-1.10.jar:/root/.m2/repository/commons-lang/commons-lang/2.6/commons-lang-2.6.jar:/root/.m2/repository/commons-logging/commons-logging/1.1.1/commons-logging-1.1.1.jar:/root/.m2/repository/com/microsoft/sqlserver/mssql-jdbc/10.2.0.jre8/mssql-jdbc-10.2.0.jre8.jar:/root/.m2/repository/org/springframework/spring-jdbc/5.1.19.RELEASE/spring-jdbc-5.1.19.RELEASE.jar:/root/.m2/repository/org/springframework/spring-beans/5.1.19.RELEASE/spring-beans-5.1.19.RELEASE.jar:/root/.m2/repository/org/springframework/spring-core/5.1.19.RELEASE/spring-core-5.1.19.RELEASE.jar:/root/.m2/repository/org/springframework/spring-jcl/5.1.19.RELEASE/spring-jcl-5.1.19.RELEASE.jar:/root/.m2/repository/org/springframework/spring-tx/5.1.19.RELEASE/spring-tx-5.1.19.RELEASE.jar:/root/.m2/repository/mysql/mysql-connector-java/8.0.28/mysql-connector-java-8.0.28.jar:/root/.m2/repository/com/google/protobuf/protobuf-java/3.11.4/protobuf-java-3.11.4.jar:/root/.m2/repository/com/intuit/karate/karate-gatling/1.1.0/karate-gatling-1.1.0.jar:/root/.m2/repository/io/gatling/highcharts/gatling-charts-highcharts/3.6.0/gatling-charts-highcharts-3.6.0.jar:/root/.m2/repository/org/scala-lang/scala-library/2.13.6/scala-library-2.13.6.jar:/root/.m2/repository/io/gatling/gatling-app/3.6.0/gatling-app-3.6.0.jar:/root/.m2/repository/io/gatling/gatling-core/3.6.0/gatling-core-3.6.0.jar:/root/.m2/repository/io/gatling/gatling-commons/3.6.0/gatling-commons-3.6.0.jar:/root/.m2/repository/io/gatling/gatling-commons-shared/3.6.0/gatling-commons-shared-3.6.0.jar:/root/.m2/repository/org/scala-lang/scala-reflect/2.13.6/scala-reflect-2.13.6.jar:/root/.m2/repository/io/suzaku/boopickle_2.13/1.3.3/boopickle_2.13-1.3.3.jar:/root/.m2/repository/io/gatling/gatling-commons-shared-unstable/3.6.0/gatling-commons-shared-unstable-3.6.0.jar:/root/.m2/repository/org/typelevel/spire-macros_2.13/0.17.0/spire-macros_2.13-0.17.0.jar:/root/.m2/repository/com/typesafe/scala-logging/scala-logging_2.13/3.9.3/scala-logging_2.13-3.9.3.jar:/root/.m2/repository/io/gatling/gatling-jsonpath/3.6.0/gatling-jsonpath-3.6.0.jar:/root/.m2/repository/com/typesafe/akka/akka-slf4j_2.13/2.6.14/akka-slf4j_2.13-2.6.14.jar:/root/.m2/repository/org/simpleflatmapper/lightning-csv/8.2.3/lightning-csv-8.2.3.jar:/root/.m2/repository/org/simpleflatmapper/sfm-util/8.2.3/sfm-util-8.2.3.jar:/root/.m2/repository/com/github/ben-manes/caffeine/caffeine/2.9.1/caffeine-2.9.1.jar:/root/.m2/repository/io/pebbletemplates/pebble/3.1.5/pebble-3.1.5.jar:/root/.m2/repository/org/unbescape/unbescape/1.1.6.RELEASE/unbescape-1.1.6.RELEASE.jar:/root/.m2/repository/org/scala-lang/modules/scala-parser-combinators_2.13/2.0.0/scala-parser-combinators_2.13-2.0.0.jar:/root/.m2/repository/com/github/scopt/scopt_2.13/3.7.1/scopt_2.13-3.7.1.jar:/root/.m2/repository/io/netty/netty-handler/4.1.64.Final/netty-handler-4.1.64.Final.jar:/root/.m2/repository/io/netty/netty-common/4.1.64.Final/netty-common-4.1.64.Final.jar:/root/.m2/repository/io/netty/netty-resolver/4.1.64.Final/netty-resolver-4.1.64.Final.jar:/root/.m2/repository/io/netty/netty-buffer/4.1.64.Final/netty-buffer-4.1.64.Final.jar:/root/.m2/repository/io/netty/netty-transport/4.1.64.Final/netty-transport-4.1.64.Final.jar:/root/.m2/repository/io/netty/netty-codec/4.1.64.Final/netty-codec-4.1.64.Final.jar:/root/.m2/repository/com/softwaremill/quicklens/quicklens_2.13/1.7.2/quicklens_2.13-1.7.2.jar:/root/.m2/repository/net/sf/saxon/Saxon-HE/10.5/Saxon-HE-10.5.jar:/root/.m2/repository/org/jodd/jodd-lagarto/6.0.5/jodd-lagarto-6.0.5.jar:/root/.m2/repository/org/jodd/jodd-util/6.0.1/jodd-util-6.0.1.jar:/root/.m2/repository/io/burt/jmespath-jackson/0.5.0/jmespath-jackson-0.5.0.jar:/root/.m2/repository/io/burt/jmespath-core/0.5.0/jmespath-core-0.5.0.jar:/root/.m2/repository/io/gatling/gatling-http/3.6.0/gatling-http-3.6.0.jar:/root/.m2/repository/io/gatling/gatling-http-client/3.6.0/gatling-http-client-3.6.0.jar:/root/.m2/repository/io/gatling/gatling-netty-util/3.6.0/gatling-netty-util-3.6.0.jar:/root/.m2/repository/io/netty/netty-handler-proxy/4.1.64.Final/netty-handler-proxy-4.1.64.Final.jar:/root/.m2/repository/io/netty/netty-codec-socks/4.1.64.Final/netty-codec-socks-4.1.64.Final.jar:/root/.m2/repository/io/netty/netty-resolver-dns/4.1.64.Final/netty-resolver-dns-4.1.64.Final.jar:/root/.m2/repository/io/netty/netty-codec-dns/4.1.64.Final/netty-codec-dns-4.1.64.Final.jar:/root/.m2/repository/io/netty/netty-transport-native-epoll/4.1.64.Final/netty-transport-native-epoll-4.1.64.Final-linux-x86_64.jar:/root/.m2/repository/io/netty/netty-transport-native-unix-common/4.1.64.Final/netty-transport-native-unix-common-4.1.64.Final.jar:/root/.m2/repository/io/netty/netty-codec-http2/4.1.64.Final/netty-codec-http2-4.1.64.Final.jar:/root/.m2/repository/io/netty/netty-tcnative-boringssl-static/2.0.39.Final/netty-tcnative-boringssl-static-2.0.39.Final.jar:/root/.m2/repository/com/aayushatharva/brotli4j/brotli4j/1.4.2/brotli4j-1.4.2.jar:/root/.m2/repository/com/aayushatharva/brotli4j/native-linux-x86_64/1.4.2/native-linux-x86_64-1.4.2.jar:/root/.m2/repository/com/aayushatharva/brotli4j/native-linux-aarch64/1.4.2/native-linux-aarch64-1.4.2.jar:/root/.m2/repository/com/aayushatharva/brotli4j/native-osx-x86_64/1.4.2/native-osx-x86_64-1.4.2.jar:/root/.m2/repository/com/aayushatharva/brotli4j/native-windows-x86_64/1.4.2/native-windows-x86_64-1.4.2.jar:/root/.m2/repository/io/gatling/gatling-jms/3.6.0/gatling-jms-3.6.0.jar:/root/.m2/repository/javax/jms/javax.jms-api/2.0.1/javax.jms-api-2.0.1.jar:/root/.m2/repository/com/eatthepath/fast-uuid/0.1/fast-uuid-0.1.jar:/root/.m2/repository/io/gatling/gatling-jdbc/3.6.0/gatling-jdbc-3.6.0.jar:/root/.m2/repository/io/gatling/gatling-redis/3.6.0/gatling-redis-3.6.0.jar:/root/.m2/repository/net/debasishg/redisclient_2.13/3.30/redisclient_2.13-3.30.jar:/root/.m2/repository/org/apache/commons/commons-pool2/2.8.0/commons-pool2-2.8.0.jar:/root/.m2/repository/io/gatling/gatling-graphite/3.6.0/gatling-graphite-3.6.0.jar:/root/.m2/repository/org/hdrhistogram/HdrHistogram/2.1.12/HdrHistogram-2.1.12.jar:/root/.m2/repository/io/gatling/gatling-charts/3.6.0/gatling-charts-3.6.0.jar:/root/.m2/repository/com/tdunning/t-digest/3.1/t-digest-3.1.jar:/root/.m2/repository/io/gatling/gatling-recorder/3.6.0/gatling-recorder-3.6.0.jar:/root/.m2/repository/org/scala-lang/modules/scala-swing_2.13/3.0.0/scala-swing_2.13-3.0.0.jar:/root/.m2/repository/org/bouncycastle/bcpkix-jdk15on/1.68/bcpkix-jdk15on-1.68.jar:/root/.m2/repository/org/bouncycastle/bcprov-jdk15on/1.68/bcprov-jdk15on-1.68.jar:/root/.m2/repository/com/typesafe/akka/akka-actor_2.13/2.6.14/akka-actor_2.13-2.6.14.jar:/root/.m2/repository/com/typesafe/config/1.4.0/config-1.4.0.jar:/root/.m2/repository/org/scala-lang/modules/scala-java8-compat_2.13/0.9.0/scala-java8-compat_2.13-0.9.0.jar:/root/.m2/repository/org/mongodb/mongodb-driver-sync/4.6.0/mongodb-driver-sync-4.6.0.jar:/root/.m2/repository/org/mongodb/mongodb-driver-core/4.6.0/mongodb-driver-core-4.6.0.jar:/root/.m2/repository/org/mongodb/bson-record-codec/4.6.0/bson-record-codec-4.6.0.jar:/root/.m2/repository/org/mongodb/bson/4.6.0/bson-4.6.0.jar:/root/.m2/repository/com/google/code/gson/gson/2.9.0/gson-2.9.0.jar:/root/.m2/repository/com/rabbitmq/amqp-client/5.14.2/amqp-client-5.14.2.jar:/root/.m2/repository/org/slf4j/slf4j-api/1.7.32/slf4j-api-1.7.32.jar:/root/.m2/repository/log4j/log4j/1.2.17/log4j-1.2.17.jar:"/>
    <property name="sun.cpu.endian" value="little"/>
    <property name="user.home" value="/root"/>
    <property name="user.language" value="en"/>
    <property name="java.specification.vendor" value="Oracle Corporation"/>
    <property name="java.version.date" value="2021-01-19"/>
    <property name="java.home" value="/usr/local/openjdk-11"/>
    <property name="file.separator" value="/"/>
    <property name="basedir" value="/usr/src/app"/>
    <property name="java.vm.compressedOopsMode" value="32-bit"/>
    <property name="line.separator" value="&#10;"/>
    <property name="java.specification.name" value="Java Platform API Specification"/>
    <property name="java.vm.specification.vendor" value="Oracle Corporation"/>
    <property name="java.awt.graphicsenv" value="sun.awt.X11GraphicsEnvironment"/>
    <property name="karate.options" value="--tags @nifi1"/>
    <property name="surefire.real.class.path" value="/usr/src/app/target/surefire/surefirebooter8371263991684422203.jar"/>
    <property name="sun.management.compiler" value="HotSpot 64-Bit Tiered Compilers"/>
    <property name="java.runtime.version" value="11.0.10+9"/>
    <property name="user.name" value="root"/>
    <property name="path.separator" value=":"/>
    <property name="os.version" value="5.10.76-linuxkit"/>
    <property name="java.runtime.name" value="OpenJDK Runtime Environment"/>
    <property name="file.encoding" value="UTF-8"/>
    <property name="java.vm.name" value="OpenJDK 64-Bit Server VM"/>
    <property name="java.vendor.version" value="18.9"/>
    <property name="localRepository" value="/root/.m2/repository"/>
    <property name="java.vendor.url.bug" value="https://bugreport.java.com/bugreport/"/>
    <property name="java.io.tmpdir" value="/tmp"/>
    <property name="java.version" value="11.0.10"/>
    <property name="user.dir" value="/usr/src/app"/>
    <property name="os.arch" value="amd64"/>
    <property name="java.vm.specification.name" value="Java Virtual Machine Specification"/>
    <property name="java.awt.printerjob" value="sun.print.PSPrinterJob"/>
    <property name="sun.os.patch.level" value="unknown"/>
    <property name="java.library.path" value="/usr/java/packages/lib:/usr/lib64:/lib64:/lib:/usr/lib"/>
    <property name="java.vm.info" value="mixed mode, sharing"/>
    <property name="java.vendor" value="Oracle Corporation"/>
    <property name="java.vm.version" value="11.0.10+9"/>
    <property name="sun.io.unicode.encoding" value="UnicodeLittle"/>
    <property name="java.class.version" value="55.0"/>
  </properties>
  <testcase name="testParallel" classname="NifiTests.NifiTest" time="15.178">
    <failure message="http call failed after 776 milliseconds for url: http://nifi:8050/order&#10;classpath:NifiTests/feature/NifiTest.feature:18 ==&gt; expected: &lt;0&gt; but was: &lt;1&gt;" type="org.opentest4j.AssertionFailedError"><![CDATA[org.opentest4j.AssertionFailedError: 
http call failed after 776 milliseconds for url: http://nifi:8050/order
classpath:NifiTests/feature/NifiTest.feature:18 ==> expected: <0> but was: <1>
	at NifiTests.NifiTest.testParallel(NifiTest.java:24)
]]></failure>
    <system-out><![CDATA[08:48:16.755 [main] INFO  com.intuit.karate.Runner - using system property 'karate.options': --tags @nifi1
08:48:17.117 [main] INFO  com.intuit.karate.Runner - using system property 'karate.env': dev
08:48:18.969 [main] DEBUG com.intuit.karate.Suite - [config] classpath:karate-config.js
08:48:19.000 [main] DEBUG com.intuit.karate.Suite - waiting for 2 features to complete
08:48:23.647 [pool-1-thread-1] INFO  com.intuit.karate - karate.env system property was: dev 
08:48:25.021 [pool-1-thread-1] DEBUG com.intuit.karate - request:
1 > POST http://nifi:8050/order
1 > Content-Type: application/json; charset=UTF-8
1 > Content-Length: 2352
1 > Host: nifi:8050
1 > Connection: Keep-Alive
1 > User-Agent: Apache-HttpClient/4.5.13 (Java/11.0.10)
1 > Accept-Encoding: gzip,deflate
{"token":"5f373562-591a-4db9-8609-7eec7880f28d","code":"test-82","comments":{"customerComment":"Please hurry, I am hungry","vendorComment":""},"createdAt":"2016-03-14T17:00:00.000Z","customer":{"email":"s188sduisddsnjknsj","firstName":"food","lastName":"panda","mobilePhone":"+49 99999999","code":"dummy_customer_code","id":"dummy_customer_Id","mobilePhoneCountryCode":""},"delivery":{"address":{"postcode":10117,"city":"Berlin","street":"Oranienburger Staße","number":67},"expectedDeliveryTime":"2016-03-14T17:50:00.000Z","expressDelivery":false,"riderPickupTime":"2016-03-14T17:35:00.000Z"},"discounts":[{"name":"Flat 30% OFF","amount":"10,5","type":"string"}],"expeditionType":"pickup","expiryDate":"2016-03-14T17:15:00.000Z","extraParameters":{"property1":"string","property2":"string"},"localInfo":{"countryCode":"de","currencySymbol":"\u20AC","platform":"Foodpanda","platformKey":"FP_MY","currencySymbolPosition":"","currencySymbolSpaces":"","decimalDigits":"","decimalSeparator":"","email":"","phone":"","thousandsSeparator":"","website":""},"payment":{"status":"online","type":"paid","remoteCode":"online","requiredMoneyChange":"","vatId":"","vatName":""},"test":false,"shortCode":"42","preOrder":false,"pickup":null,"platformRestaurant":{"id":"sq-abcd"},"price":{"deliveryFees":[{"name":"packaging fee","value":2.5}],"grandTotal":"25.50","minimumDeliveryValue":"9.99","payRestaurant":"25.50","riderTip":"1.20","subTotal":"19.45","vatTotal":"2.50","comission":"","containerCharge":"","deliveryFee":"12.80","collectFromCustomer":"16.34","discountAmountTotal":"2.50","deliveryFeeDiscount":"","serviceFeePercent":"","serviceFeeTotal":"","serviceTax":0,"serviceTaxValue":0,"differenceToMinimumDeliveryValue":"","vatVisible":true,"vatPercent":"string"},"products":[{"categoryName":"Burgers","name":"Double Cheese Burger","paidPrice":"8.00","quantity":"string","remoteCode":"123456","selectedToppings":[{"children":[],"name":"extra cheese","price":"1.50","quantity":0,"id":"string","remoteCode":null,"type":"PRODUCT"}],"unitPrice":"6.42","comment":"No cheese please","description":"","discountAmount":"","halfHalf":false,"id":"string","selectedChoices":[],"variation":{"name":"Double Cheese Burger"},"vatPercentage":""}],"corporateOrder":false,"corporateTaxId":"example-tax-id","integrationInfo":{},"mobileOrder":true,"webOrder":false,"vouchers":[]}

08:48:25.114 [pool-1-thread-1] ERROR com.intuit.karate - karate.org.apache.http.conn.HttpHostConnectException: Connect to nifi:8050 [nifi/172.21.0.6] failed: Connection refused (Connection refused), http call failed after 776 milliseconds for url: http://nifi:8050/order
08:48:25.116 [pool-1-thread-1] ERROR com.intuit.karate - classpath:NifiTests/feature/NifiTest.feature:18
When method Post
http call failed after 776 milliseconds for url: http://nifi:8050/order
classpath:NifiTests/feature/NifiTest.feature:18
---------------------------------------------------------
feature: classpath:NifiTests/feature/NifiTest.feature
scenarios:  1 | passed:  0 | failed:  1 | time: 1.2735
---------------------------------------------------------

08:48:27.358 [pool-2-thread-1] INFO  com.intuit.karate.Suite - <<fail>> feature 2 of 2 (0 remaining) classpath:NifiTests/feature/NifiTest.feature
Karate version: 1.1.0
======================================================
elapsed:  10.66 | threads:    5 | thread time: 1.27 
features:     1 | skipped:    1 | efficiency: 0.02
scenarios:    1 | passed:     0 | failed: 1
======================================================
>>> failed features:
http call failed after 776 milliseconds for url: http://nifi:8050/order
classpath:NifiTests/feature/NifiTest.feature:18
<<<

HTML report: (paste into browser to view) | Karate version: 1.1.0
file:///usr/src/app/target/karate-reports/karate-summary.html
===================================================================

]]></system-out>
    <system-err><![CDATA[Jun 10, 2022 8:48:28 AM net.masterthought.cucumber.ReportParser parseJsonFiles
INFO: File '/usr/src/app/target/karate-reports/NifiTests.feature.NifiTest.json' contains 1 features
]]></system-err>
  </testcase>
</testsuite>